<?xml version="1.0" encoding="UTF-8"?>
<!-- Generated by org.testng.reporters.JUnitReportReporter -->
<testsuite skipped="0" hostname="RSI1505" name="br.com.rsinet.hub.ProjetoAppium.testes.Cadastro" tests="2" failures="0" timestamp="2020-02-11T14:03:35 BRT" time="55.620" errors="0">
  <testcase name="CadastroValido" time="34.836" classname="br.com.rsinet.hub.ProjetoAppium.testes.Cadastro"/>
  <testcase name="CadastroInvalido" time="20.784" classname="br.com.rsinet.hub.ProjetoAppium.testes.Cadastro"/>
</testsuite> <!-- br.com.rsinet.hub.ProjetoAppium.testes.Cadastro -->
