<?xml version="1.0" encoding="UTF-8"?>
<!-- Generated by org.testng.reporters.JUnitReportReporter -->
<testsuite skipped="0" hostname="RSI1505" name="br.com.rsinet.hub.ProjetoAppium.testes.Cadastro" tests="2" failures="0" timestamp="2020-02-07T13:54:09 BRT" time="47.486" errors="0">
  <testcase name="CadastroInvalido" time="18.898" classname="br.com.rsinet.hub.ProjetoAppium.testes.Cadastro"/>
  <testcase name="CadastroValido" time="28.588" classname="br.com.rsinet.hub.ProjetoAppium.testes.Cadastro"/>
</testsuite> <!-- br.com.rsinet.hub.ProjetoAppium.testes.Cadastro -->
