<?xml version="1.0" encoding="UTF-8"?>
<!-- Generated by org.testng.reporters.JUnitReportReporter -->
<testsuite skipped="0" hostname="RSI1505" name="br.com.rsinet.hub.ProjetoAppium.testes.BuscaLupa" tests="2" failures="0" timestamp="2020-02-11T14:03:35 BRT" time="26.365" errors="0">
  <testcase name="BuscaInvalida" time="13.121" classname="br.com.rsinet.hub.ProjetoAppium.testes.BuscaLupa"/>
  <testcase name="BuscaValida" time="13.244" classname="br.com.rsinet.hub.ProjetoAppium.testes.BuscaLupa"/>
</testsuite> <!-- br.com.rsinet.hub.ProjetoAppium.testes.BuscaLupa -->
