<?xml version="1.0" encoding="UTF-8"?>
<!-- Generated by org.testng.reporters.JUnitReportReporter -->
<testsuite skipped="0" hostname="RSI1505" name="br.com.rsinet.hub.ProjetoAppium.testes.BuscaLupa" tests="2" failures="0" timestamp="2020-02-05T18:48:26 BRT" time="31.503" errors="0">
  <testcase name="BuscaInvalida" time="15.265" classname="br.com.rsinet.hub.ProjetoAppium.testes.BuscaLupa"/>
  <testcase name="BuscaValida" time="16.238" classname="br.com.rsinet.hub.ProjetoAppium.testes.BuscaLupa"/>
</testsuite> <!-- br.com.rsinet.hub.ProjetoAppium.testes.BuscaLupa -->
