<?xml version="1.0" encoding="UTF-8"?>
<!-- Generated by org.testng.reporters.JUnitReportReporter -->
<testsuite skipped="0" hostname="RSI1505" name="br.com.rsinet.hub.ProjetoAppium.testes.BuscaLupa" tests="2" failures="0" timestamp="2020-02-07T13:54:09 BRT" time="27.310" errors="0">
  <testcase name="BuscaValida" time="14.025" classname="br.com.rsinet.hub.ProjetoAppium.testes.BuscaLupa"/>
  <testcase name="BuscaInvalida" time="13.285" classname="br.com.rsinet.hub.ProjetoAppium.testes.BuscaLupa"/>
</testsuite> <!-- br.com.rsinet.hub.ProjetoAppium.testes.BuscaLupa -->
