<?xml version="1.0" encoding="UTF-8"?>
<!-- Generated by org.testng.reporters.JUnitReportReporter -->
<testsuite skipped="0" hostname="RSI1505" name="br.com.rsinet.hub.ProjetoAppium.testes.BuscaClique" tests="2" failures="0" timestamp="2020-02-07T13:54:09 BRT" time="36.828" errors="0">
  <testcase name="BuscaValida" time="16.135" classname="br.com.rsinet.hub.ProjetoAppium.testes.BuscaClique"/>
  <testcase name="BuscaInvalida" time="20.693" classname="br.com.rsinet.hub.ProjetoAppium.testes.BuscaClique"/>
</testsuite> <!-- br.com.rsinet.hub.ProjetoAppium.testes.BuscaClique -->
