<?xml version="1.0" encoding="UTF-8"?>
<!-- Generated by org.testng.reporters.JUnitReportReporter -->
<testsuite skipped="0" hostname="RSI1505" name="br.com.rsinet.hub.ProjetoAppium.testes.BuscaLupa" tests="2" failures="0" timestamp="2020-02-06T15:56:35 BRT" time="51.475" errors="0">
  <testcase name="BuscaInvalida" time="25.078" classname="br.com.rsinet.hub.ProjetoAppium.testes.BuscaLupa"/>
  <testcase name="BuscaValida" time="26.397" classname="br.com.rsinet.hub.ProjetoAppium.testes.BuscaLupa"/>
</testsuite> <!-- br.com.rsinet.hub.ProjetoAppium.testes.BuscaLupa -->
