<?xml version="1.0" encoding="UTF-8"?>
<!-- Generated by org.testng.reporters.JUnitReportReporter -->
<testsuite skipped="0" hostname="RSI1505" name="br.com.rsinet.hub.ProjetoAppium.testes.BuscaClique" tests="2" failures="0" timestamp="2020-02-11T14:03:35 BRT" time="37.630" errors="0">
  <testcase name="BuscaInvalida" time="21.025" classname="br.com.rsinet.hub.ProjetoAppium.testes.BuscaClique"/>
  <testcase name="BuscaValida" time="16.605" classname="br.com.rsinet.hub.ProjetoAppium.testes.BuscaClique"/>
</testsuite> <!-- br.com.rsinet.hub.ProjetoAppium.testes.BuscaClique -->
