<?xml version="1.0" encoding="UTF-8"?>
<!-- Generated by org.testng.reporters.JUnitReportReporter -->
<testsuite skipped="0" hostname="RSI1505" name="br.com.rsinet.hub.ProjetoAppium.testes.BuscaClique" tests="1" failures="0" timestamp="2020-02-05T18:48:26 BRT" time="17.479" errors="0">
  <testcase name="BuscaValida" time="17.479" classname="br.com.rsinet.hub.ProjetoAppium.testes.BuscaClique"/>
</testsuite> <!-- br.com.rsinet.hub.ProjetoAppium.testes.BuscaClique -->
